\BOOKMARK [0][-]{chapter.1}{Introducci\363 al projecte}{}% 1
\BOOKMARK [1][-]{section.1.1}{Introducci\363}{chapter.1}% 2
\BOOKMARK [1][-]{section.1.2}{Motivaci\363 i context}{chapter.1}% 3
\BOOKMARK [1][-]{section.1.3}{Objectius}{chapter.1}% 4
\BOOKMARK [1][-]{section.1.4}{Planificaci\363}{chapter.1}% 5
\BOOKMARK [2][-]{subsection.1.4.1}{Planificaci\363 Febrer del 2014 - Juliol 2014}{section.1.4}% 6
\BOOKMARK [2][-]{subsection.1.4.2}{Planificaci\363 Febrer del 2016 - Setembre 2016}{section.1.4}% 7
\BOOKMARK [0][-]{chapter.2}{La genealogia}{}% 8
\BOOKMARK [1][-]{section.2.1}{Qu\350 \351s la genealogia?}{chapter.2}% 9
\BOOKMARK [1][-]{section.2.2}{El paper de la genealogia en el transcurs de la hist\362ria}{chapter.2}% 10
\BOOKMARK [1][-]{section.2.3}{Les lleis reguladores}{chapter.2}% 11
\BOOKMARK [1][-]{section.2.4}{Els codis \350tics en la genealogia}{chapter.2}% 12
\BOOKMARK [1][-]{section.2.5}{El proc\351s de recerca geneal\362gica}{chapter.2}% 13
\BOOKMARK [1][-]{section.2.6}{Conclusi\363}{chapter.2}% 14
\BOOKMARK [0][-]{chapter.3}{L'organitzaci\363 FamilySearch}{}% 15
\BOOKMARK [1][-]{section.3.1}{Qu\350 \351s FamilySearch?}{chapter.3}% 16
\BOOKMARK [1][-]{section.3.2}{La hist\362ria de FamilySearch}{chapter.3}% 17
\BOOKMARK [1][-]{section.3.3}{L'esgl\351sia mormona i la fam\355lia}{chapter.3}% 18
\BOOKMARK [1][-]{section.3.4}{Serveis per organitzacions amb arxius geneal\362gics}{chapter.3}% 19
\BOOKMARK [2][-]{subsection.3.4.1}{Captura d'imatges}{section.3.4}% 20
\BOOKMARK [2][-]{subsection.3.4.2}{Conversi\363 de formats digital}{section.3.4}% 21
\BOOKMARK [2][-]{subsection.3.4.3}{Indexaci\363 en l\355nea}{section.3.4}% 22
\BOOKMARK [2][-]{subsection.3.4.4}{Acc\351s en l\355nea}{section.3.4}% 23
\BOOKMARK [2][-]{subsection.3.4.5}{Preservaci\363 dels registres i fitxers f\355sics}{section.3.4}% 24
\BOOKMARK [2][-]{subsection.3.4.6}{Conclusions sobre els serveis professionals}{section.3.4}% 25
\BOOKMARK [1][-]{section.3.5}{Serveix per particulars i aficionats a la genealogia}{chapter.3}% 26
\BOOKMARK [2][-]{subsection.3.5.1}{Eines geneal\362giques}{section.3.5}% 27
\BOOKMARK [0][-]{section*.53}{Acronyms}{}% 28
